0 info it worked if it ends with ok
1 verbose cli [ '/usr/local/Cellar/node/5.0.0/bin/node',
1 verbose cli   '/usr/local/bin/npm',
1 verbose cli   'update' ]
2 info using npm@3.3.9
3 info using node@v5.0.0
4 silly mapToRegistry name systemjs
5 silly mapToRegistry using default registry
6 silly mapToRegistry registry https://registry.npmjs.org/
7 silly mapToRegistry uri https://registry.npmjs.org/systemjs
8 silly mapToRegistry name three.js
9 silly mapToRegistry using default registry
10 silly mapToRegistry registry https://registry.npmjs.org/
11 silly mapToRegistry uri https://registry.npmjs.org/three.js
12 silly mapToRegistry name three.js
13 silly mapToRegistry using default registry
14 silly mapToRegistry registry https://registry.npmjs.org/
15 silly mapToRegistry uri https://registry.npmjs.org/three.js
16 verbose request uri https://registry.npmjs.org/three.js
17 verbose request no auth needed
18 info attempt registry request try #1 at 10:45:53 PM
19 verbose request id 907540a5692a35f2
20 verbose etag "33L7O1UR4LG8MPVO7ATGKL5YP"
21 http request GET https://registry.npmjs.org/three.js
22 verbose request uri https://registry.npmjs.org/three.js
23 verbose request no auth needed
24 info attempt registry request try #1 at 10:45:53 PM
25 verbose etag "33L7O1UR4LG8MPVO7ATGKL5YP"
26 http request GET https://registry.npmjs.org/three.js
27 verbose request uri https://registry.npmjs.org/systemjs
28 verbose request no auth needed
29 info attempt registry request try #1 at 10:45:53 PM
30 verbose etag "3DNLLUDSC4H1J1RMFORKFY9OB"
31 http request GET https://registry.npmjs.org/systemjs
32 http 304 https://registry.npmjs.org/systemjs
33 verbose headers { date: 'Thu, 31 Mar 2016 02:45:53 GMT',
33 verbose headers   via: '1.1 varnish',
33 verbose headers   'cache-control': 'max-age=300',
33 verbose headers   etag: '"3DNLLUDSC4H1J1RMFORKFY9OB"',
33 verbose headers   age: '277',
33 verbose headers   connection: 'keep-alive',
33 verbose headers   'x-served-by': 'cache-atl6228-ATL',
33 verbose headers   'x-cache': 'HIT',
33 verbose headers   'x-cache-hits': '1',
33 verbose headers   'x-timer': 'S1459392353.185494,VS0,VE0',
33 verbose headers   vary: 'Accept' }
34 silly get cb [ 304,
34 silly get   { date: 'Thu, 31 Mar 2016 02:45:53 GMT',
34 silly get     via: '1.1 varnish',
34 silly get     'cache-control': 'max-age=300',
34 silly get     etag: '"3DNLLUDSC4H1J1RMFORKFY9OB"',
34 silly get     age: '277',
34 silly get     connection: 'keep-alive',
34 silly get     'x-served-by': 'cache-atl6228-ATL',
34 silly get     'x-cache': 'HIT',
34 silly get     'x-cache-hits': '1',
34 silly get     'x-timer': 'S1459392353.185494,VS0,VE0',
34 silly get     vary: 'Accept' } ]
35 verbose etag https://registry.npmjs.org/systemjs from cache
36 verbose get saving systemjs to /Users/yjh/.npm/registry.npmjs.org/systemjs/.cache.json
37 http 304 https://registry.npmjs.org/three.js
38 verbose headers { date: 'Thu, 31 Mar 2016 02:45:53 GMT',
38 verbose headers   via: '1.1 varnish',
38 verbose headers   'cache-control': 'max-age=300',
38 verbose headers   etag: '"33L7O1UR4LG8MPVO7ATGKL5YP"',
38 verbose headers   age: '0',
38 verbose headers   connection: 'keep-alive',
38 verbose headers   'x-served-by': 'cache-atl6236-ATL',
38 verbose headers   'x-cache': 'HIT',
38 verbose headers   'x-cache-hits': '1',
38 verbose headers   'x-timer': 'S1459392353.196976,VS0,VE370',
38 verbose headers   vary: 'Accept' }
39 silly get cb [ 304,
39 silly get   { date: 'Thu, 31 Mar 2016 02:45:53 GMT',
39 silly get     via: '1.1 varnish',
39 silly get     'cache-control': 'max-age=300',
39 silly get     etag: '"33L7O1UR4LG8MPVO7ATGKL5YP"',
39 silly get     age: '0',
39 silly get     connection: 'keep-alive',
39 silly get     'x-served-by': 'cache-atl6236-ATL',
39 silly get     'x-cache': 'HIT',
39 silly get     'x-cache-hits': '1',
39 silly get     'x-timer': 'S1459392353.196976,VS0,VE370',
39 silly get     vary: 'Accept' } ]
40 verbose etag https://registry.npmjs.org/three.js from cache
41 verbose get saving three.js to /Users/yjh/.npm/registry.npmjs.org/three.js/.cache.json
42 http 304 https://registry.npmjs.org/three.js
43 verbose headers { date: 'Thu, 31 Mar 2016 02:45:53 GMT',
43 verbose headers   via: '1.1 varnish',
43 verbose headers   'cache-control': 'max-age=300',
43 verbose headers   etag: '"33L7O1UR4LG8MPVO7ATGKL5YP"',
43 verbose headers   age: '0',
43 verbose headers   connection: 'keep-alive',
43 verbose headers   'x-served-by': 'cache-atl6222-ATL',
43 verbose headers   'x-cache': 'MISS',
43 verbose headers   'x-cache-hits': '0',
43 verbose headers   'x-timer': 'S1459392353.190777,VS0,VE375',
43 verbose headers   vary: 'Accept' }
44 silly get cb [ 304,
44 silly get   { date: 'Thu, 31 Mar 2016 02:45:53 GMT',
44 silly get     via: '1.1 varnish',
44 silly get     'cache-control': 'max-age=300',
44 silly get     etag: '"33L7O1UR4LG8MPVO7ATGKL5YP"',
44 silly get     age: '0',
44 silly get     connection: 'keep-alive',
44 silly get     'x-served-by': 'cache-atl6222-ATL',
44 silly get     'x-cache': 'MISS',
44 silly get     'x-cache-hits': '0',
44 silly get     'x-timer': 'S1459392353.190777,VS0,VE375',
44 silly get     vary: 'Accept' } ]
45 verbose etag https://registry.npmjs.org/three.js from cache
46 verbose get saving three.js to /Users/yjh/.npm/registry.npmjs.org/three.js/.cache.json
47 silly cache add args [ 'three.js', '^0.75.0' ]
48 verbose cache add spec three.js@^0.75.0
49 silly cache add parsed spec Result {
49 silly cache add   raw: 'three.js@^0.75.0',
49 silly cache add   scope: null,
49 silly cache add   name: 'three.js',
49 silly cache add   rawSpec: '^0.75.0',
49 silly cache add   spec: '>=0.75.0 <0.76.0',
49 silly cache add   type: 'range' }
50 silly addNamed three.js@>=0.75.0 <0.76.0
51 verbose addNamed ">=0.75.0 <0.76.0" is a valid semver range for three.js
52 silly addNameRange { name: 'three.js', range: '>=0.75.0 <0.76.0', hasData: false }
53 silly mapToRegistry name three.js
54 silly mapToRegistry using default registry
55 silly mapToRegistry registry https://registry.npmjs.org/
56 silly mapToRegistry uri https://registry.npmjs.org/three.js
57 verbose addNameRange registry:https://registry.npmjs.org/three.js not in flight; fetching
58 silly cache add args [ 'three.js', '^0.75.0' ]
59 verbose cache add spec three.js@^0.75.0
60 silly cache add parsed spec Result {
60 silly cache add   raw: 'three.js@^0.75.0',
60 silly cache add   scope: null,
60 silly cache add   name: 'three.js',
60 silly cache add   rawSpec: '^0.75.0',
60 silly cache add   spec: '>=0.75.0 <0.76.0',
60 silly cache add   type: 'range' }
61 silly addNamed three.js@>=0.75.0 <0.76.0
62 verbose addNamed ">=0.75.0 <0.76.0" is a valid semver range for three.js
63 silly addNameRange { name: 'three.js', range: '>=0.75.0 <0.76.0', hasData: false }
64 silly mapToRegistry name three.js
65 silly mapToRegistry using default registry
66 silly mapToRegistry registry https://registry.npmjs.org/
67 silly mapToRegistry uri https://registry.npmjs.org/three.js
68 verbose addNameRange registry:https://registry.npmjs.org/three.js already in flight; waiting
69 verbose get https://registry.npmjs.org/three.js not expired, no request
70 silly addNameRange number 2 { name: 'three.js', range: '>=0.75.0 <0.76.0', hasData: true }
71 silly addNameRange versions [ 'three.js',
71 silly addNameRange   [ '0.0.1', '0.0.2', '0.1.0', '0.72.0', '0.73.0', '0.73.2' ] ]
72 silly addNameRange number 2 { name: 'three.js', range: '>=0.75.0 <0.76.0', hasData: true }
73 silly addNameRange versions [ 'three.js',
73 silly addNameRange   [ '0.0.1', '0.0.2', '0.1.0', '0.72.0', '0.73.0', '0.73.2' ] ]
74 verbose stack Error: No compatible version found: three.js@'>=0.75.0 <0.76.0'
74 verbose stack Valid install targets:
74 verbose stack 0.0.1, 0.0.2, 0.1.0, 0.72.0, 0.73.0, 0.73.2
74 verbose stack
74 verbose stack     at installTargetsError (/usr/local/lib/node_modules/npm/lib/cache/add-named.js:292:12)
74 verbose stack     at next (/usr/local/lib/node_modules/npm/lib/cache/add-named.js:270:19)
74 verbose stack     at setData (/usr/local/lib/node_modules/npm/lib/cache/add-named.js:242:5)
74 verbose stack     at RES (/usr/local/lib/node_modules/npm/node_modules/inflight/inflight.js:23:14)
74 verbose stack     at f (/usr/local/lib/node_modules/npm/node_modules/once/once.js:17:25)
74 verbose stack     at fixName (/usr/local/lib/node_modules/npm/lib/cache/add-named.js:30:5)
74 verbose stack     at /usr/local/lib/node_modules/npm/lib/utils/pulse-till-done.js:19:8
74 verbose stack     at CachingRegistryClient.get_ (/usr/local/lib/node_modules/npm/lib/cache/caching-client.js:120:16)
74 verbose stack     at /usr/local/lib/node_modules/npm/lib/cache/caching-client.js:87:14
74 verbose stack     at /usr/local/lib/node_modules/npm/node_modules/graceful-fs/graceful-fs.js:76:16
75 verbose cwd /Users/yjh/web/threeMMD.js
76 error Darwin 15.3.0
77 error argv "/usr/local/Cellar/node/5.0.0/bin/node" "/usr/local/bin/npm" "update"
78 error node v5.0.0
79 error npm  v3.3.9
80 error code ETARGET
81 error notarget No compatible version found: three.js@'>=0.75.0 <0.76.0'
81 error notarget Valid install targets:
81 error notarget 0.0.1, 0.0.2, 0.1.0, 0.72.0, 0.73.0, 0.73.2
81 error notarget
81 error notarget This is most likely not a problem with npm itself.
81 error notarget In most cases you or one of your dependencies are requesting
81 error notarget a package version that doesn't exist.
82 verbose exit [ 1, true ]
